<?xml version="1.0" encoding="UTF-8"?>
<!-- Generated by org.testng.reporters.JUnitReportReporter -->
<testsuite hostname="Laptop-OBS-98" failures="0" tests="1" name="TestCases.CodeScan" time="7.875" errors="0" timestamp="2022-09-22T13:45:56 IST" skipped="0">
  <testcase classname="TestCases.CodeScan" name="zxing" time="7.875"/>
  <system-out>
    <![CDATA[ <a href='C:\Users\naveen.r\Desktop\ScanFlowPOC\.\ScreenShots\ErrorText.png'> <img src='C:\Users\naveen.r\Desktop\ScanFlowPOC\.\ScreenShots\ErrorText.png' height='600' width='800'/></a>
Result Type: URI
QR code Value: littlegrasshopper://9781640309012
 <a href='C:\Users\naveen.r\Desktop\ScanFlowPOC\.\ScreenShots\QRcodeResult.png'> <img src='C:\Users\naveen.r\Desktop\ScanFlowPOC\.\ScreenShots\QRcodeResult.png' height='600' width='800'/></a>]]>
  </system-out>
</testsuite> <!-- TestCases.CodeScan -->
