<?xml version="1.0" encoding="UTF-8"?>
<!-- Generated by org.testng.reporters.JUnitReportReporter -->
<testsuite hostname="Laptop-SY-02" failures="0" tests="2" name="TestCases.QRcodeScan" time="7.014" errors="0" timestamp="2022-09-28T15:04:00 IST" skipped="0">
  <testcase classname="TestCases.QRcodeScan" name="validscanQR" time="3.844"/>
  <system-out>
    <![CDATA[Uploading the Valid QR Image
Extracting the Result Type : URI
Extracting the Text : littlegrasshopper://9781640309012
Attaching Result Screenshot]]>
  </system-out>
  <testcase classname="TestCases.QRcodeScan" name="InvalidscanQR" time="3.170"/>
  <system-out>
    <![CDATA[Uploading the invalid QR Image
Invalid QR Code Error :  No Barcode Found
No barcode was found in this image. Either it did not contain a barcode, or did not contain one in a supported format, or the software was simply unable to find it. Go "Back" in your browser and try another image.
Attaching Error Screenshot]]>
  </system-out>
</testsuite> <!-- TestCases.QRcodeScan -->
