<?xml version="1.0" encoding="UTF-8"?>
<!-- Generated by org.testng.reporters.JUnitReportReporter -->
<testsuite skipped="0" hostname="Laptop-SY-02" name="tests.SampleTestScenario" tests="2" failures="0" timestamp="27 Oct 2022 06:25:48 GMT" time="59.507" errors="0">
  <testcase name="Login" time="20.394" classname="tests.SampleTestScenario"/>
  <testcase name="LibraryFunctionality" time="39.113" classname="tests.SampleTestScenario"/>
</testsuite> <!-- tests.SampleTestScenario -->
