<?xml version="1.0" encoding="UTF-8"?>
<!-- Generated by org.testng.reporters.JUnitReportReporter -->
<testsuite hostname="Laptop-SY-02" failures="0" tests="3" name="TestCases.amazonAutomationTestCase" time="47.324" errors="0" timestamp="2022-10-26T12:52:12 IST" skipped="0">
  <testcase classname="TestCases.amazonAutomationTestCase" name="TestCase1_AddMenHat" time="19.549"/>
  <system-out>
    <![CDATA[Searching : hats for men
Clicked on search button
Selected the first hat
Moved to new tab
Clicked on Quantity button
Selected Quantity size to 2
Item added to the cart
Clicked on Cart button
Retreiving the text as amount
Men hat total Quantity: 2
Actual Total Amount: 1,198.00
Expected Total Amount: 1,198.00
Actual amount matches expected amount]]>
  </system-out>
  <testcase classname="TestCases.amazonAutomationTestCase" name="TestCase2_AddWomenHat" time="21.231"/>
  <system-out>
    <![CDATA[Searching : hats for women
Clicked on search button
Selected the first hat
Moved to new tab
Clicked on Quantity button
Selected Quantity size to 1
Item added to the cart
Clicked on Cart button
Retreiving the text as amount
Women hat quantity: 1
Women Hat Total Amount: 499.00
Men hat quantity: 2
Men hat total amount: 1,198.00
Actual Sum of Men hat and Women hat amount: 1,697.00
Expected Sum of Men hat and Women hat amount: 1,697.00
Actual amount matches expected amount]]>
  </system-out>
  <testcase classname="TestCases.amazonAutomationTestCase" name="TestCase3_SumOfHats" time="6.544"/>
  <system-out>
    <![CDATA[clicked on Quantity Button
Changed Men hat quantity to 1
Women hat quantity: 1
Women Hat Total Amount: 499.00
Men hat price:   599.00
Men hat quantity: 1
Men hat total amount: 599.00
Actual Sum of Men hat and Women hat amount: 1,098.00
Expected Sum of Men hat and Women hat amount: 1,098.00
Actual amount matches expected amount]]>
  </system-out>
</testsuite> <!-- TestCases.amazonAutomationTestCase -->
