<?xml version="1.0" encoding="UTF-8"?>
<!-- Generated by org.testng.reporters.JUnitReportReporter -->
<testsuite hostname="Laptop-SY-02" failures="0" tests="3" name="Testcases.amazonAutomationTC" time="27.219" errors="0" timestamp="2022-10-10T23:41:06 IST" skipped="0">
  <testcase classname="Testcases.amazonAutomationTC" name="addMenHat" time="11.652"/>
  <system-out>
    <![CDATA[Searching : hats for men
Clicked on search button
Selected the first hat
Moved to new tab
Clicked on Quantity button
Selected Quantity size to 2
Item added to the cart
Clicked on Cart button
Retreiving the text as amount
Men hat total Quantity: 2
Actual Total Amount: 998.00
Expected Total Amount: 998.00
Actual amount matches expected amount]]>
  </system-out>
  <testcase classname="Testcases.amazonAutomationTC" name="womenHat" time="10.875"/>
  <system-out>
    <![CDATA[Searching : hats for women
Clicked on search button
Selected the first hat
Moved to new tab
Clicked on Quantity button
Selected Quantity size to 2
Item added to the cart
Clicked on Cart button
Retreiving the text as amount
Women hat quantity: 2
Women Hat Total Amount: 499.00
Men hat quantity: 2
Men hat total amount: 998.00
Actual Sum of Men hat and Women hat amount: 1,996.00
Expected Sum of Men hat and Women hat amount: 1,996.00
Actual amount matches expected amount]]>
  </system-out>
  <testcase classname="Testcases.amazonAutomationTC" name="sumOfMenAndWomenHat" time="4.692"/>
  <system-out>
    <![CDATA[clicked on Quantity Button
Changed Men hat quantity to 1
Women hat quantity: 2
Women Hat Total Amount: 499.00
Men hat quantity: 1
Men hat total amount: 499.00
Actual Sum of Men hat and Women hat amount: 1,497.00
Expected Sum of Men hat and Women hat amount: 1,497.00
Actual amount matches expected amount]]>
  </system-out>
</testsuite> <!-- Testcases.amazonAutomationTC -->
